<?xml version="1.0" encoding="UTF-8"?>
<!-- Generated by org.testng.reporters.JUnitReportReporter -->
<testsuite hostname="JUBER-PC" name="TEST1.MultipleTestMethod" tests="4" failures="0" timestamp="10 Sep 2018 13:40:35 GMT" time="0.046" errors="0">
  <testcase name="saswat" time="0.004" classname="TEST1.MultipleTestMethod"/>
  <testcase name="milan" time="0.002" classname="TEST1.MultipleTestMethod"/>
  <testcase name="junaid" time="0.002" classname="TEST1.MultipleTestMethod"/>
  <testcase name="ajit" time="0.038" classname="TEST1.MultipleTestMethod"/>
</testsuite> <!-- TEST1.MultipleTestMethod -->
