<?xml version="1.0" encoding="UTF-8"?>
<!-- Generated by org.testng.reporters.JUnitReportReporter -->
<testsuite hostname="JUBER-PC" name="TEST1.Priority" tests="4" failures="0" timestamp="10 Sep 2018 13:42:39 GMT" time="0.039" errors="0">
  <testcase name="milan" time="0.002" classname="TEST1.Priority"/>
  <testcase name="ajit" time="0.003" classname="TEST1.Priority"/>
  <testcase name="junaid" time="0.004" classname="TEST1.Priority"/>
  <testcase name="saswat" time="0.030" classname="TEST1.Priority"/>
</testsuite> <!-- TEST1.Priority -->
