<?xml version="1.0" encoding="UTF-8"?>
<!-- Generated by org.testng.reporters.JUnitReportReporter -->
<testsuite hostname="JUBER-PC" name="TEST1.ExcelfileHandling" tests="1" failures="0" timestamp="17 Sep 2018 13:35:02 GMT" time="2.192" errors="0">
  <testcase name="excel" time="2.192" classname="TEST1.ExcelfileHandling"/>
</testsuite> <!-- TEST1.ExcelfileHandling -->
