<?xml version="1.0" encoding="UTF-8"?>
<!-- Generated by org.testng.reporters.JUnitReportReporter -->
<testsuite hostname="JUBER-PC" name="TEST1.VerifyTitle" tests="1" failures="0" timestamp="13 Sep 2018 03:34:29 GMT" time="19.448" errors="0">
  <testcase name="verify" time="19.448" classname="TEST1.VerifyTitle"/>
</testsuite> <!-- TEST1.VerifyTitle -->
