<?xml version="1.0" encoding="UTF-8"?>
<!-- Generated by org.testng.reporters.JUnitReportReporter -->
<testsuite hostname="JUBER-PC" name="TEST1.InvocationCount" tests="7" failures="0" timestamp="10 Sep 2018 13:58:14 GMT" time="0.054" errors="0">
  <testcase name="junaid" time="0.005" classname="TEST1.InvocationCount"/>
  <testcase name="ajit" time="0.002" classname="TEST1.InvocationCount"/>
  <testcase name="milan" time="0.002" classname="TEST1.InvocationCount"/>
  <testcase name="saswat" time="0.016" classname="TEST1.InvocationCount"/>
  <testcase name="saswat" time="0.003" classname="TEST1.InvocationCount"/>
  <testcase name="saswat" time="0.024" classname="TEST1.InvocationCount"/>
  <testcase name="milan" time="0.002" classname="TEST1.InvocationCount"/>
</testsuite> <!-- TEST1.InvocationCount -->
